{"level":"info","message":"SELECT * FROM users ORDER BY createdOn DESC limit 0,1","timestamp":"2016-02-04T10:25:20.524Z"}
{"level":"info","message":"SELECT * FROM users ORDER BY createdOn DESC limit 0,1","timestamp":"2016-02-04T10:25:38.589Z"}
{"level":"info","message":"SELECT * FROM users ORDER BY createdOn DESC","timestamp":"2016-02-04T10:25:45.881Z"}
{"level":"info","message":"SELECT * FROM users ORDER BY createdOn DESC","timestamp":"2016-02-04T10:26:26.149Z"}
{"level":"info","message":"SELECT * FROM users ORDER BY createdOn DESC","timestamp":"2016-02-04T10:27:05.138Z"}
{"level":"info","message":"SELECT * FROM users ORDER BY createdOn DESC","timestamp":"2016-02-04T10:28:37.083Z"}
{"level":"info","message":"SELECT * FROM users ORDER BY createdOn DESC","timestamp":"2016-02-04T10:29:17.724Z"}
{"level":"info","message":"select r.name as 'roomname', rp.* from rateplans rp join rooms r on rp.roomid = r.id where date BETWEEN '2016-01-01' and '2016-01-05' order by rp.roomid","timestamp":"2016-02-10T18:47:17.955Z"}
{"level":"info","message":"select r.name as 'roomname', rp.* from rateplans rp join rooms r on rp.roomid = r.id where date BETWEEN '2016-01-01' and '2016-01-05' order by rp.roomid","timestamp":"2016-02-10T19:03:10.717Z"}
{"level":"info","message":"select r.name as 'roomname', rp.* from rateplans rp join rooms r on rp.roomid = r.id where date BETWEEN '2016-01-01' and '2016-01-05' order by rp.roomid","timestamp":"2016-02-10T19:03:45.238Z"}
{"level":"info","message":"select r.name as 'roomname', rp.* from rateplans rp join rooms r on rp.roomid = r.id where date BETWEEN '2016-01-01' and '2016-01-05' order by rp.roomid","timestamp":"2016-02-10T19:10:57.442Z"}
{"level":"info","message":"select r.name as 'roomname', rp.* from rateplans rp join rooms r on rp.roomid = r.id where date BETWEEN '2016-01-01' and '2016-01-05' order by rp.roomid","timestamp":"2016-02-10T19:11:27.273Z"}
{"level":"info","message":"select r.name as 'roomname', rp.* from rateplans rp join rooms r on rp.roomid = r.id where date BETWEEN '2016-01-01' and '2016-01-05' order by rp.roomid","timestamp":"2016-02-10T19:11:38.358Z"}
{"level":"info","message":"select r.name as 'roomname', rp.* from rateplans rp join rooms r on rp.roomid = r.id where date BETWEEN '2016-01-01' and '2016-01-05' order by rp.roomid","timestamp":"2016-02-10T19:15:47.554Z"}
{"level":"info","message":"select r.name as 'roomname', rp.* from rateplans rp join rooms r on rp.roomid = r.id where date BETWEEN '2016-01-01' and '2016-01-05' order by rp.roomid","timestamp":"2016-02-10T19:17:35.565Z"}
{"level":"info","message":"select r.name as 'roomname', rp.* from rateplans rp join rooms r on rp.roomid = r.id where date BETWEEN '2016-01-01' and '2016-01-05' order by rp.roomid","timestamp":"2016-02-10T19:18:21.818Z"}
{"level":"info","message":"select r.name as 'roomname', rp.* from rateplans rp join rooms r on rp.roomid = r.id where date BETWEEN '2016-01-01' and '2016-01-05' order by rp.roomid","timestamp":"2016-02-10T19:19:30.588Z"}
{"level":"info","message":"select r.name as 'roomname', rp.* from rateplans rp join rooms r on rp.roomid = r.id where date BETWEEN '2016-01-01' and '2016-01-05' order by rp.roomid","timestamp":"2016-02-10T19:21:38.868Z"}
{"level":"info","message":"select r.name as 'roomname', rp.* from rateplans rp join rooms r on rp.roomid = r.id where date BETWEEN '2016-01-01' and '2016-01-05' order by rp.roomid","timestamp":"2016-02-10T19:22:21.764Z"}
{"level":"info","message":"select r.name as 'roomname', rp.* from rateplans rp join rooms r on rp.roomid = r.id where date BETWEEN '2016-01-01' and '2016-01-05' order by rp.roomid","timestamp":"2016-02-10T19:23:37.271Z"}
{"level":"info","message":"select r.name as 'roomname', rp.* from rateplans rp join rooms r on rp.roomid = r.id where date BETWEEN '2016-01-01' and '2016-01-05' order by rp.price","timestamp":"2016-02-10T19:25:33.747Z"}
{"level":"info","message":"select r.name as 'roomname', rp.* from rateplans rp join rooms r on rp.roomid = r.id where date BETWEEN '2016-01-01' and '2016-01-05' order by rp.price","timestamp":"2016-02-10T19:31:03.178Z"}
{"level":"info","message":"select r.name as 'roomname', rp.* from rateplans rp join rooms r on rp.roomid = r.id where date BETWEEN '2016-01-01' and '2016-01-05' order by rp.price","timestamp":"2016-02-10T19:32:01.294Z"}
{"level":"info","message":"select r.name as 'roomname', rp.* from rateplans rp join rooms r on rp.roomid = r.id where date BETWEEN '2016-01-01' and '2016-01-05' order by rp.price","timestamp":"2016-02-10T19:43:44.741Z"}
{"level":"info","message":"select r.name as 'roomname', rp.* from rateplans rp join rooms r on rp.roomid = r.id where date BETWEEN '2016-01-01' and '2016-01-05' order by rp.price","timestamp":"2016-02-10T19:43:55.569Z"}
{"level":"info","message":"select r.name as 'roomname', rp.* from rateplans rp join rooms r on rp.roomid = r.id where date BETWEEN '2016-01-01' and '2016-01-05' order by rp.price","timestamp":"2016-02-11T04:04:44.080Z"}
{"level":"info","message":"select r.name as 'roomname', rp.* from rateplans rp join rooms r on rp.roomid = r.id where date BETWEEN '2016-01-01' and '2016-01-05' order by rp.price","timestamp":"2016-02-11T04:07:57.492Z"}
{"level":"info","message":"select r.name as 'roomname', rp.* from rateplans rp join rooms r on rp.roomid = r.id where date BETWEEN '2016-01-01' and '2016-01-05' order by rp.price","timestamp":"2016-02-11T04:20:42.221Z"}
{"level":"info","message":"select r.name as 'roomname', rp.* from rateplans rp join rooms r on rp.roomid = r.id where date BETWEEN '2016-01-01' and '2016-01-05' order by rp.price","timestamp":"2016-02-11T04:35:54.473Z"}
{"level":"info","message":"select r.name as 'roomname', rp.* from rateplans rp join rooms r on rp.roomid = r.id where date BETWEEN '2016-01-01' and '2016-01-05' order by rp.price","timestamp":"2016-02-11T05:15:27.772Z"}
{"level":"info","message":"select r.name as 'roomname', rp.* from rateplans rp join rooms r on rp.roomid = r.id where date BETWEEN '2016-01-01' and '2016-01-05' order by rp.price","timestamp":"2016-02-11T05:16:46.623Z"}
{"level":"info","message":"select r.name as 'roomname', rp.* from rateplans rp join rooms r on rp.roomid = r.id where date BETWEEN '2016-01-01' and '2016-01-05' order by rp.price","timestamp":"2016-02-11T05:17:35.376Z"}
{"level":"info","message":"select r.name as 'roomname', rp.* from rateplans rp join rooms r on rp.roomid = r.id where date BETWEEN '2016-01-01' and '2016-01-05' order by rp.price","timestamp":"2016-02-11T05:18:41.278Z"}
{"level":"info","message":"select r.name as 'roomname', rp.* from rateplans rp join rooms r on rp.roomid = r.id where date BETWEEN '2016-01-01' and '2016-01-05' order by rp.price","timestamp":"2016-02-11T05:19:22.663Z"}
{"level":"info","message":"select r.name as 'roomname', rp.* from rateplans rp join rooms r on rp.roomid = r.id where date BETWEEN '2016-01-01' and '2016-01-05' order by rp.price","timestamp":"2016-02-11T05:21:45.542Z"}
{"level":"info","message":"select r.name as 'roomname', rp.* from rateplans rp join rooms r on rp.roomid = r.id where date BETWEEN '2016-01-01' and '2016-01-05' order by rp.price","timestamp":"2016-02-11T05:23:01.471Z"}
{"level":"info","message":"select r.name as 'roomname', rp.* from rateplans rp join rooms r on rp.roomid = r.id where date BETWEEN '2016-01-01' and '2016-01-05' order by rp.price","timestamp":"2016-02-11T05:24:07.268Z"}
{"level":"info","message":"select r.name as 'roomname', rp.* from rateplans rp join rooms r on rp.roomid = r.id where date BETWEEN '2016-01-01' and '2016-01-05' order by rp.price","timestamp":"2016-02-11T05:26:02.911Z"}
{"level":"info","message":"select r.name as 'roomname', rp.* from rateplans rp join rooms r on rp.roomid = r.id where date BETWEEN '2016-01-01' and '2016-01-05' order by rp.price","timestamp":"2016-02-11T05:29:49.261Z"}
{"level":"info","message":"select r.name as 'roomname', rp.* from rateplans rp join rooms r on rp.roomid = r.id where date BETWEEN '2016-01-01' and '2016-01-05' order by rp.price","timestamp":"2016-02-11T05:46:58.436Z"}
{"level":"info","message":"select r.name as 'roomname', rp.* from rateplans rp join rooms r on rp.roomid = r.id where date BETWEEN '2016-01-01' and '2016-01-05' order by rp.price","timestamp":"2016-02-11T05:47:49.765Z"}
{"level":"info","message":"select r.name as 'roomname', rp.* from rateplans rp join rooms r on rp.roomid = r.id where date BETWEEN '2016-01-01' and '2016-01-05' order by rp.price","timestamp":"2016-02-11T05:51:52.516Z"}
{"level":"info","message":"select r.name as 'roomname', rp.* from rateplans rp join rooms r on rp.roomid = r.id where date BETWEEN '2016-01-01' and '2016-01-05' order by rp.price","timestamp":"2016-02-11T05:55:01.539Z"}
{"level":"info","message":"select r.name as 'roomname', rp.* from rateplans rp join rooms r on rp.roomid = r.id where date BETWEEN '2016-01-01' and '2016-01-05' order by rp.price","timestamp":"2016-02-11T06:00:38.590Z"}
{"level":"info","message":"select r.name as 'roomname', rp.* from rateplans rp join rooms r on rp.roomid = r.id where date BETWEEN '2016-01-01' and '2016-01-05' order by rp.price","timestamp":"2016-02-11T06:01:35.769Z"}
{"level":"info","message":"select r.name as 'roomname', rp.* from rateplans rp join rooms r on rp.roomid = r.id where date BETWEEN '2016-01-01' and '2016-01-05' order by rp.price","timestamp":"2016-02-11T06:22:13.741Z"}
{"level":"info","message":"select r.name as 'roomname', rp.* from rateplans rp join rooms r on rp.roomid = r.id where date BETWEEN '2016-01-01' and '2016-01-05' order by rp.price","timestamp":"2016-02-11T06:23:23.803Z"}
{"level":"info","message":"select r.name as 'roomname', rp.* from rateplans rp join rooms r on rp.roomid = r.id where date BETWEEN '2016-01-01' and '2016-01-05' order by rp.price","timestamp":"2016-02-11T06:26:56.964Z"}
{"level":"info","message":"select r.name as 'roomname', rp.* from rateplans rp join rooms r on rp.roomid = r.id where date BETWEEN '2016-01-01' and '2016-01-05' order by rp.price","timestamp":"2016-02-11T06:35:53.104Z"}
{"level":"info","message":"select r.name as 'roomname', rp.* from rateplans rp join rooms r on rp.roomid = r.id where date BETWEEN '2016-01-01' and '2016-01-05' order by rp.price","timestamp":"2016-02-11T06:36:04.636Z"}
{"level":"info","message":"select r.name as 'roomname', rp.* from rateplans rp join rooms r on rp.roomid = r.id where date BETWEEN '2016-01-01' and '2016-01-05' order by rp.price","timestamp":"2016-02-11T06:42:01.487Z"}
{"level":"info","message":"select r.name as 'roomname', rp.* from rateplans rp join rooms r on rp.roomid = r.id where date BETWEEN '2016-01-01' and '2016-01-05' order by rp.price","timestamp":"2016-02-11T06:48:10.583Z"}
{"level":"info","message":"select r.name as 'roomname', rp.* from rateplans rp join rooms r on rp.roomid = r.id where date BETWEEN '2016-01-01' and '2016-01-05' order by rp.price","timestamp":"2016-02-11T06:48:30.842Z"}
{"level":"info","message":"select r.name as 'roomname', rp.* from rateplans rp join rooms r on rp.roomid = r.id where date BETWEEN '2016-01-01' and '2016-01-05' order by rp.price","timestamp":"2016-02-11T06:54:12.779Z"}
{"level":"info","message":"select r.name as 'roomname', rp.* from rateplans rp join rooms r on rp.roomid = r.id where date BETWEEN '2016-01-01' and '2016-01-05' order by rp.price","timestamp":"2016-02-11T06:56:30.886Z"}
{"level":"info","message":"select r.name as 'roomname', rp.* from rateplans rp join rooms r on rp.roomid = r.id where date BETWEEN '2016-01-01' and '2016-01-05' order by rp.price","timestamp":"2016-02-11T06:58:22.736Z"}
{"level":"info","message":"select r.name as 'roomname', rp.* from rateplans rp join rooms r on rp.roomid = r.id where date BETWEEN '2016-01-01' and '2016-01-05' order by rp.price","timestamp":"2016-02-11T07:04:22.189Z"}
{"level":"info","message":"select r.name as 'roomname', rp.* from rateplans rp join rooms r on rp.roomid = r.id where date BETWEEN '2016-01-01' and '2016-01-05' order by rp.price","timestamp":"2016-02-11T07:05:19.664Z"}
{"level":"info","message":"select r.name as 'roomname', rp.* from rateplans rp join rooms r on rp.roomid = r.id where date BETWEEN '2016-01-01' and '2016-01-05' order by rp.price","timestamp":"2016-02-11T07:05:43.510Z"}
{"level":"info","message":"select r.name as 'roomname', rp.* from rateplans rp join rooms r on rp.roomid = r.id where date BETWEEN '2016-01-01' and '2016-01-05' order by rp.price","timestamp":"2016-02-11T07:25:10.365Z"}
{"level":"info","message":"select r.name as 'roomname', rp.* from rateplans rp join rooms r on rp.roomid = r.id where date BETWEEN '2016-01-01' and '2016-01-05' order by rp.price","timestamp":"2016-02-11T07:29:00.947Z"}
{"level":"info","message":"select r.name as 'roomname', rp.* from rateplans rp join rooms r on rp.roomid = r.id where date BETWEEN '2016-01-01' and '2016-01-05' order by rp.price","timestamp":"2016-02-11T07:32:08.381Z"}
{"level":"info","message":"select r.name as 'roomname', rp.* from rateplans rp join rooms r on rp.roomid = r.id where date BETWEEN '2016-01-01' and '2016-01-05' order by rp.price","timestamp":"2016-02-11T07:35:24.770Z"}
{"level":"info","message":"select r.name as 'roomname', rp.* from rateplans rp join rooms r on rp.roomid = r.id where date BETWEEN '2016-01-01' and '2016-01-05' order by rp.price","timestamp":"2016-02-11T07:36:24.125Z"}
{"level":"info","message":"select r.name as 'roomname', rp.* from rateplans rp join rooms r on rp.roomid = r.id where date BETWEEN '2016-01-01' and '2016-01-05' order by rp.price","timestamp":"2016-02-11T07:42:37.521Z"}
{"level":"info","message":"select r.name as 'roomname', rp.* from rateplans rp join rooms r on rp.roomid = r.id where date BETWEEN '2016-01-01' and '2016-01-05' order by rp.price","timestamp":"2016-02-11T07:45:13.297Z"}
{"level":"info","message":"select r.name as 'roomname', rp.* from rateplans rp join rooms r on rp.roomid = r.id where date BETWEEN '2016-01-01' and '2016-01-05' order by rp.price","timestamp":"2016-02-11T07:47:57.065Z"}
{"level":"info","message":"select r.name as 'roomname', rp.* from rateplans rp join rooms r on rp.roomid = r.id where date BETWEEN '2016-01-01' and '2016-01-05' order by rp.price","timestamp":"2016-02-11T08:24:22.821Z"}
{"level":"info","message":"select r.name as 'roomname', rp.* from rateplans rp join rooms r on rp.roomid = r.id where date BETWEEN '2016-01-01' and '2016-01-05' order by rp.price","timestamp":"2016-02-11T08:25:04.761Z"}
{"level":"info","message":"select r.name as 'roomname', rp.* from rateplans rp join rooms r on rp.roomid = r.id where date BETWEEN '2016-01-01' and '2016-01-05' order by rp.price","timestamp":"2016-02-11T08:27:15.868Z"}
{"level":"info","message":"select r.name as 'roomname', rp.* from rateplans rp join rooms r on rp.roomid = r.id where date BETWEEN '2016-01-01' and '2016-01-05' order by rp.price","timestamp":"2016-02-11T08:37:25.198Z"}
{"level":"info","message":"select r.name as 'roomname', rp.* from rateplans rp join rooms r on rp.roomid = r.id where date BETWEEN '2016-01-01' and '2016-01-05' order by rp.price","timestamp":"2016-02-11T09:21:35.967Z"}
{"level":"info","message":"select r.name as 'roomname', rp.* from rateplans rp join rooms r on rp.roomid = r.id where date BETWEEN '2016-01-01' and '2016-01-05' order by rp.price","timestamp":"2016-02-11T09:52:21.143Z"}
{"level":"info","message":"select r.name as 'roomname', rp.* from rateplans rp join rooms r on rp.roomid = r.id where date BETWEEN '2016-01-01' and '2016-01-05' order by rp.price","timestamp":"2016-02-11T17:52:21.273Z"}
{"level":"info","message":"select r.name as 'roomname', rp.* from rateplans rp join rooms r on rp.roomid = r.id where date BETWEEN '2016-01-01' and '2016-01-05' order by rp.price","timestamp":"2016-02-15T10:55:03.866Z"}
{"level":"info","message":"select r.name as 'roomname', rp.* from rateplans rp join rooms r on rp.roomid = r.id where date BETWEEN '2016-01-01' and '2016-01-05' order by rp.price","timestamp":"2016-02-15T11:14:43.192Z"}
{"level":"info","message":"select r.name as 'roomname', rp.* from rateplans rp join rooms r on rp.roomid = r.id where date BETWEEN '2016-01-01' and '2016-01-05' order by rp.price","timestamp":"2016-02-15T11:19:12.623Z"}
{"level":"info","message":"select r.name as 'roomname', rp.* from rateplans rp join rooms r on rp.roomid = r.id where date BETWEEN '2016-01-01' and '2016-01-05' order by rp.price","timestamp":"2016-02-15T11:20:04.108Z"}
{"level":"info","message":"select r.name as 'roomname', rp.* from rateplans rp join rooms r on rp.roomid = r.id where date BETWEEN '2016-01-01' and '2016-01-05' order by rp.price","timestamp":"2016-02-15T11:20:36.508Z"}
{"level":"info","message":"select r.name as 'roomname', rp.* from rateplans rp join rooms r on rp.roomid = r.id where date BETWEEN '2016-01-01' and '2016-01-05' order by rp.price","timestamp":"2016-02-15T12:56:02.617Z"}
{"level":"info","message":"select r.name as 'roomname', rp.* from rateplans rp join rooms r on rp.roomid = r.id where date BETWEEN '2016-01-01' and '2016-01-05' order by rp.price","timestamp":"2016-02-15T22:44:17.957Z"}
{"level":"info","message":"select r.name as 'roomname', rp.* from rateplans rp join rooms r on rp.roomid = r.id where date BETWEEN '2016-01-01' and '2016-01-05' order by rp.price","timestamp":"2016-02-16T05:10:10.287Z"}
{"level":"info","message":"select r.name as 'roomname', rp.* from rateplans rp join rooms r on rp.roomid = r.id where date BETWEEN '2016-01-01' and '2016-01-05' order by rp.price","timestamp":"2016-02-16T13:10:10.463Z"}
{"level":"info","message":"select r.name as 'roomname', rp.* from rateplans rp join rooms r on rp.roomid = r.id where date BETWEEN '2016-01-01' and '2016-01-05' order by rp.price","timestamp":"2016-03-03T06:40:49.309Z"}
{"level":"info","message":"select r.name as 'roomname', rp.* from rateplans rp join rooms r on rp.roomid = r.id where date BETWEEN '2016-01-01' and '2016-01-05' order by rp.price","timestamp":"2016-03-03T07:07:48.826Z"}
{"level":"info","message":"select r.name as 'roomname', rp.* from rateplans rp join rooms r on rp.roomid = r.id where date BETWEEN '2016-01-01' and '2016-01-05' order by rp.price","timestamp":"2016-03-03T09:44:00.944Z"}
{"level":"info","message":"select r.name as 'roomname', rp.* from rateplans rp join rooms r on rp.roomid = r.id where date BETWEEN '2016-01-01' and '2016-01-05' order by rp.price","timestamp":"2016-03-08T11:20:55.115Z"}
{"level":"info","message":"select r.name as 'roomname', rp.* from rateplans rp join rooms r on rp.roomid = r.id where date BETWEEN '2016-01-01' and '2016-01-05' order by rp.price","timestamp":"2016-03-09T04:31:34.653Z"}
{"level":"info","message":"select rt.id as 'roomtypeid', rt.name as 'roomname', rt.wproomide as 'wordpressid', rp.id as 'roomplanid', rp.name='planname', rp.price,rp.date,rp.restriction from roomtypes rt join rateplans rp on rt.id = rp.roomid order by rp.roomid ASC, price ASC","timestamp":"2016-03-09T12:37:15.263Z"}
{"level":"info","message":"select rt.id as 'roomtypeid', rt.name as 'roomname', rt.wproomide as 'wordpressid', rp.id as 'roomplanid', rp.name='planname', rp.price,rp.date,rp.restriction from roomtypes rt join rateplans rp on rt.id = rp.roomid order by rp.roomid ASC, price ASC","timestamp":"2016-03-09T12:39:16.080Z"}
{"level":"info","message":"select rt.id as 'roomtypeid', rt.name as 'roomname', rt.wproomide as 'wordpressid', rp.id as 'roomplanid', rp.name='planname', rp.price,rp.date,rp.restriction from roomtypes rt join rateplans rp on rt.id = rp.roomid order by rp.roomid ASC, price ASC","timestamp":"2016-03-09T12:40:04.400Z"}
{"level":"info","message":"select rt.id as 'roomtypeid', rt.name as 'roomname', rt.wproomide as 'wordpressid', rp.id as 'roomplanid', rp.name='planname', rp.price,rp.date,rp.restriction from roomtypes rt join rateplans rp on rt.id = rp.roomid order by rp.roomid ASC, price ASC","timestamp":"2016-03-09T12:40:18.507Z"}
{"level":"info","message":"select rt.id as 'roomtypeid', rt.name as 'roomname', rt.wproomide as 'wordpressid', rp.id as 'roomplanid', rp.name='planname', rp.price,rp.date,rp.restriction from roomtypes rt join rateplans rp on rt.id = rp.roomid order by rp.roomid ASC, price ASC","timestamp":"2016-03-09T12:41:15.735Z"}
{"level":"info","message":"select rt.id as 'roomtypeid', rt.name as 'roomname', rt.wproomide as 'wordpressid', rp.id as 'roomplanid', rp.name as 'planname', rp.price,rp.date,rp.restriction from roomtypes rt join rateplans rp on rt.id = rp.roomid order by rp.roomid ASC, price ASC","timestamp":"2016-03-09T12:42:25.075Z"}
{"level":"info","message":"select rt.id as 'roomtypeid', rt.name as 'roomname', rt.wproomide as 'wordpressid', rp.id as 'roomplanid', rp.name as 'planname', rp.price,rp.date,rp.restriction from roomtypes rt join rateplans rp on rt.id = rp.roomid order by rp.roomid ASC, price ASC","timestamp":"2016-03-09T13:04:46.346Z"}
{"level":"info","message":"select rt.id as 'roomtypeid', rt.name as 'roomname', rt.wproomide as 'wordpressid', rp.id as 'roomplanid', rp.name as 'planname', rp.price,rp.date,rp.restriction from roomtypes rt join rateplans rp on rt.id = rp.roomid order by rp.roomid ASC, price ASC","timestamp":"2016-03-09T13:04:54.477Z"}
{"level":"info","message":"select rt.id as 'roomtypeid', rt.name as 'roomname', rt.wproomide as 'wordpressid', rp.id as 'roomplanid', rp.name as 'planname', rp.price,rp.date,rp.restriction from roomtypes rt join rateplans rp on rt.id = rp.roomid order by rp.roomid ASC, price ASC","timestamp":"2016-03-09T13:05:26.918Z"}
{"level":"info","message":"select rt.id as 'roomtypeid', rt.name as 'roomname', rt.wproomide as 'wordpressid', rp.id as 'roomplanid', rp.name as 'planname', rp.price,rp.date,rp.restriction from roomtypes rt join rateplans rp on rt.id = rp.roomid order by rp.roomid ASC, price ASC","timestamp":"2016-03-09T13:13:09.683Z"}
{"level":"info","message":"select rt.id as 'roomtypeid', rt.name as 'roomname', rt.wproomide as 'wordpressid', rp.id as 'roomplanid', rp.name as 'planname', rp.price,rp.date,rp.restriction from roomtypes rt join rateplans rp on rt.id = rp.roomid order by rp.roomid ASC, price ASC","timestamp":"2016-03-09T13:13:37.606Z"}
{"level":"info","message":"select rt.id as 'roomtypeid', rt.name as 'roomname', rt.wproomide as 'wordpressid', rp.id as 'roomplanid', rp.name as 'planname', rp.price,rp.date,rp.restriction from roomtypes rt join rateplans rp on rt.id = rp.roomid order by rp.roomid ASC, price ASC","timestamp":"2016-03-09T13:13:39.942Z"}
{"level":"info","message":"select rt.id as 'roomtypeid', rt.name as 'roomname', rt.wproomide as 'wordpressid', rp.id as 'roomplanid', rp.name as 'planname', rp.price,rp.date,rp.restriction from roomtypes rt join rateplans rp on rt.id = rp.roomid order by rp.roomid ASC, price ASC","timestamp":"2016-03-09T13:16:35.876Z"}
{"level":"info","message":"select rt.id as 'roomtypeid', rt.name as 'roomname', rt.wproomide as 'wordpressid', rp.id as 'roomplanid', rp.name as 'planname', rp.price,rp.date,rp.restriction from roomtypes rt join rateplans rp on rt.id = rp.roomid order by rp.roomid ASC, price ASC","timestamp":"2016-03-09T13:20:35.784Z"}
{"level":"info","message":"select rt.id as 'roomtypeid', rt.name as 'roomname', rt.wproomide as 'wordpressid', rp.id as 'roomplanid', rp.name as 'planname', rp.price,rp.date,rp.restriction from roomtypes rt join rateplans rp on rt.id = rp.roomid order by rp.roomid ASC, price ASC","timestamp":"2016-03-09T16:19:48.326Z"}
{"level":"info","message":"select rt.id as 'roomtypeid', rt.name as 'roomname', rt.wproomide as 'wordpressid', rp.id as 'roomplanid', rp.name as 'planname', rp.price,rp.date,rp.restriction from roomtypes rt join rateplans rp on rt.id = rp.roomid order by rp.roomid ASC, price ASC","timestamp":"2016-03-10T04:34:58.119Z"}
{"level":"info","message":"select rt.id as 'roomtypeid', rt.name as 'roomname', rt.wproomid as 'wordpressid', rp.id as 'roomplanid', rp.name as 'planname', rp.price,rp.date,rp.restriction from roomtypes rt join rateplans rp on rt.id = rp.roomid order by rp.roomid ASC, price ASC","timestamp":"2016-03-11T07:15:38.363Z"}
{"level":"info","message":"select rt.id as 'roomtypeid', rt.name as 'roomname', rt.wproomid as 'wordpressid', rp.id as 'roomplanid', rp.name as 'planname', rp.price,rp.date,rp.restriction from roomtypes rt join rateplans rp on rt.id = rp.roomid order by rp.roomid ASC, price ASC","timestamp":"2016-03-11T10:40:11.559Z"}
{"level":"info","message":"select rt.id as 'roomtypeid', rt.name as 'roomname', rt.wproomid as 'wordpressid', rp.id as 'roomplanid', rp.name as 'planname', rp.price,rp.date,rp.restriction from roomtypes rt join rateplans rp on rt.id = rp.roomid order by rp.roomid ASC, price ASC","timestamp":"2016-03-11T10:41:27.849Z"}
{"level":"info","message":"select rt.id as 'roomtypeid', rt.name as 'roomname', rt.wproomid as 'wordpressid', rp.id as 'roomplanid', rp.name as 'planname', rp.price,rp.date,rp.restriction from roomtypes rt join rateplans rp on rt.id = rp.roomid order by rp.roomid ASC, price ASC","timestamp":"2016-03-11T10:50:07.388Z"}
{"level":"info","message":"select rt.id as 'roomtypeid', rt.name as 'roomname', rt.wproomid as 'wordpressid', rp.id as 'roomplanid', rp.name as 'planname', rp.price,rp.date,rp.restriction from roomtypes rt join rateplans rp on rt.id = rp.roomid order by rp.roomid ASC, price ASC","timestamp":"2016-03-11T10:52:30.684Z"}
{"level":"info","message":"select rt.id as 'roomtypeid', rt.name as 'roomname', rt.wproomid as 'wordpressid', rp.id as 'roomplanid', rp.name as 'planname', rp.price,rp.date,rp.restriction from roomtypes rt join rateplans rp on rt.id = rp.roomid order by rp.roomid ASC, price ASC","timestamp":"2016-03-11T10:54:30.291Z"}
{"level":"info","message":"select rt.id as 'roomtypeid', rt.name as 'roomname', rt.wproomid as 'wordpressid', rp.id as 'roomplanid', rp.name as 'planname', rp.price,rp.date,rp.restriction from roomtypes rt join rateplans rp on rt.id = rp.roomid order by rp.roomid ASC, price ASC","timestamp":"2016-03-11T10:59:26.923Z"}
{"level":"info","message":"select rt.id as 'roomtypeid', rt.name as 'roomname', rt.wproomid as 'wordpressid', rp.id as 'roomplanid', rp.name as 'planname', rp.price,rp.date,rp.restriction from roomtypes rt join rateplans rp on rt.id = rp.roomid order by rp.roomid ASC, price ASC","timestamp":"2016-03-11T11:00:28.014Z"}
{"level":"info","message":"select rt.id as 'roomtypeid', rt.name as 'roomname', rt.wproomid as 'wordpressid', rp.id as 'roomplanid', rp.name as 'planname', rp.price,rp.date,rp.restriction from roomtypes rt join rateplans rp on rt.id = rp.roomid order by rp.roomid ASC, price ASC","timestamp":"2016-03-11T11:02:11.919Z"}
{"level":"info","message":"select rt.id as 'roomtypeid', rt.name as 'roomname', rt.wproomid as 'wordpressid', rp.id as 'roomplanid', rp.name as 'planname', rp.price,rp.date,rp.restriction from roomtypes rt join rateplans rp on rt.id = rp.roomid order by rp.roomid ASC, price ASC","timestamp":"2016-03-11T11:04:11.374Z"}
{"level":"info","message":"select rt.id as 'roomtypeid', rt.name as 'roomname', rt.wproomid as 'wordpressid', rp.id as 'roomplanid', rp.name as 'planname', rp.price,rp.date,rp.restriction from roomtypes rt join rateplans rp on rt.id = rp.roomid order by rp.roomid ASC, price ASC","timestamp":"2016-03-11T11:08:49.499Z"}
{"level":"info","message":"select rt.id as 'roomtypeid', rt.name as 'roomname', rt.wproomid as 'wordpressid', rp.id as 'roomplanid', rp.name as 'planname', rp.price,rp.date,rp.restriction from roomtypes rt join rateplans rp on rt.id = rp.roomid order by rp.roomid ASC, price ASC","timestamp":"2016-03-11T11:11:18.205Z"}
{"level":"info","message":"select rt.id as 'roomtypeid', rt.name as 'roomname', rt.wproomid as 'wordpressid', rp.id as 'roomplanid', rp.name as 'planname', rp.price,rp.date,rp.restriction from roomtypes rt join rateplans rp on rt.id = rp.roomid order by rp.roomid ASC, price ASC","timestamp":"2016-03-11T11:17:49.503Z"}
{"level":"info","message":"select rt.id as 'roomtypeid', rt.name as 'roomname', rt.wproomid as 'wordpressid', rp.id as 'roomplanid', rp.name as 'planname', rp.price,rp.date,rp.restriction from roomtypes rt join rateplans rp on rt.id = rp.roomid order by rp.roomid ASC, price ASC","timestamp":"2016-03-11T11:22:28.909Z"}
{"level":"info","message":"select rt.id as 'roomtypeid', rt.name as 'roomname', rt.wproomid as 'wordpressid', rp.id as 'roomplanid', rp.name as 'planname', rp.price,rp.date,rp.restriction from roomtypes rt join rateplans rp on rt.id = rp.roomid order by rp.roomid ASC, price ASC","timestamp":"2016-03-11T11:22:58.519Z"}
{"level":"info","message":"select rt.id as 'roomtypeid', rt.name as 'roomname', rt.wproomid as 'wordpressid', rp.id as 'roomplanid', rp.name as 'planname', rp.price,rp.date,rp.restriction from roomtypes rt join rateplans rp on rt.id = rp.roomid order by rp.roomid ASC, price ASC","timestamp":"2016-03-11T11:37:45.177Z"}
{"level":"info","message":"select rt.id as 'roomtypeid', rt.name as 'roomname', rt.wproomid as 'wordpressid', rp.id as 'roomplanid', rp.name as 'planname', rp.price,rp.date,rp.restriction from roomtypes rt join rateplans rp on rt.id = rp.roomid order by rp.roomid ASC, price ASC","timestamp":"2016-03-11T11:38:47.066Z"}
{"level":"info","message":"select rt.id as 'roomtypeid', rt.name as 'roomname', rt.wproomid as 'wordpressid', rp.id as 'roomplanid', rp.name as 'planname', rp.price,rp.date,rp.restriction from roomtypes rt join rateplans rp on rt.id = rp.roomid order by rp.roomid ASC, price ASC","timestamp":"2016-03-11T11:39:31.534Z"}
{"level":"info","message":"select rt.id as 'roomtypeid', rt.name as 'roomname', rt.wproomid as 'wordpressid', rp.id as 'roomplanid', rp.name as 'planname', rp.price,rp.date,rp.restriction from roomtypes rt join rateplans rp on rt.id = rp.roomid order by rp.roomid ASC, price ASC","timestamp":"2016-03-11T11:41:01.459Z"}
{"level":"info","message":"select rt.id as 'roomtypeid', rt.name as 'roomname', rt.wproomid as 'wordpressid', rp.id as 'roomplanid', rp.name as 'planname', rp.price,rp.date,rp.restriction from roomtypes rt join rateplans rp on rt.id = rp.roomid order by rp.roomid ASC, price ASC","timestamp":"2016-03-11T11:42:04.452Z"}
{"level":"info","message":"select rt.id as 'roomtypeid', rt.name as 'roomname', rt.wproomid as 'wordpressid', rp.id as 'roomplanid', rp.name as 'planname', rp.price,rp.date,rp.restriction from roomtypes rt join rateplans rp on rt.id = rp.roomid order by rp.roomid ASC, price ASC","timestamp":"2016-03-11T11:42:11.156Z"}
{"level":"info","message":"select rt.id as 'roomtypeid', rt.name as 'roomname', rt.wproomid as 'wordpressid', rp.id as 'roomplanid', rp.name as 'planname', rp.price,rp.date,rp.restriction from roomtypes rt join rateplans rp on rt.id = rp.roomid order by rp.roomid ASC, price ASC","timestamp":"2016-03-11T11:42:55.174Z"}
{"level":"info","message":"select rt.id as 'roomtypeid', rt.name as 'roomname', rt.wproomid as 'wordpressid', rp.id as 'roomplanid', rp.name as 'planname', rp.price,rp.date,rp.restriction from roomtypes rt join rateplans rp on rt.id = rp.roomid order by rp.roomid ASC, price ASC","timestamp":"2016-03-11T11:45:27.234Z"}
{"level":"info","message":"select rt.id as 'roomtypeid', rt.name as 'roomname', rt.wproomid as 'wordpressid', rp.id as 'roomplanid', rp.name as 'planname', rp.price,rp.date,rp.restriction from roomtypes rt join rateplans rp on rt.id = rp.roomid order by rp.roomid ASC, price ASC","timestamp":"2016-03-11T11:45:59.017Z"}
{"level":"info","message":"select rt.id as 'roomtypeid', rt.name as 'roomname', rt.wproomid as 'wordpressid', rp.id as 'roomplanid', rp.name as 'planname', rp.price,rp.date,rp.restriction from roomtypes rt join rateplans rp on rt.id = rp.roomid order by rp.roomid ASC, price ASC","timestamp":"2016-03-11T11:49:38.899Z"}
{"level":"info","message":"select rt.id as 'roomtypeid', rt.name as 'roomname', rt.wproomid as 'wordpressid', rp.id as 'roomplanid', rp.name as 'planname', rp.price,rp.date,rp.restriction from roomtypes rt join rateplans rp on rt.id = rp.roomid order by rp.roomid ASC, price ASC","timestamp":"2016-03-11T11:49:42.602Z"}
{"level":"info","message":"select rt.id as 'roomtypeid', rt.name as 'roomname', rt.wproomid as 'wordpressid', rp.id as 'roomplanid', rp.name as 'planname', rp.price,rp.date,rp.restriction from roomtypes rt join rateplans rp on rt.id = rp.roomid order by rp.roomid ASC, price ASC","timestamp":"2016-03-11T11:52:27.330Z"}
{"level":"info","message":"select rt.id as 'roomtypeid', rt.name as 'roomname', rt.wproomid as 'wordpressid', rp.id as 'roomplanid', rp.name as 'planname', rp.price,rp.date,rp.restriction from roomtypes rt join rateplans rp on rt.id = rp.roomid order by rp.roomid ASC, price ASC","timestamp":"2016-03-12T05:44:08.183Z"}
{"level":"info","message":"select rt.id as 'roomtypeid', rt.name as 'roomname', rt.wproomid as 'wordpressid', rp.id as 'roomplanid', rp.name as 'planname', rp.price,rp.date,rp.restriction from roomtypes rt join rateplans rp on rt.id = rp.roomid order by rp.roomid ASC, price ASC","timestamp":"2016-03-13T12:57:38.061Z"}
{"level":"info","message":"select rt.id as 'roomtypeid', rt.name as 'roomname', rt.wproomid as 'wordpressid', rp.id as 'roomplanid', rp.name as 'planname', rp.price,rp.date,rp.restriction from roomtypes rt join rateplans rp on rt.id = rp.roomid order by rp.roomid ASC, price ASC","timestamp":"2016-03-13T13:01:37.585Z"}
{"level":"info","message":"select rt.id as 'roomtypeid', rt.name as 'roomname', rt.wproomid as 'wordpressid', rp.id as 'roomplanid', rp.name as 'planname', rp.price,rp.date,rp.restriction from roomtypes rt join rateplans rp on rt.id = rp.roomid order by rp.roomid ASC, price ASC","timestamp":"2016-03-13T13:02:32.211Z"}
{"level":"info","message":"select rt.id as 'roomtypeid', rt.name as 'roomname', rt.wproomid as 'wordpressid', rp.id as 'roomplanid', rp.name as 'planname', rp.price,rp.date,rp.restriction from roomtypes rt join rateplans rp on rt.id = rp.roomid order by rp.roomid ASC, price ASC","timestamp":"2016-03-13T13:03:28.562Z"}
{"level":"info","message":"select rt.id as 'roomtypeid', rt.name as 'roomname', rt.wproomid as 'wordpressid', rp.id as 'roomplanid', rp.name as 'planname', rp.price,rp.date,rp.restriction from roomtypes rt join rateplans rp on rt.id = rp.roomid order by rp.roomid ASC, price ASC","timestamp":"2016-03-13T13:05:43.364Z"}
{"level":"info","message":"select rt.id as 'roomtypeid', rt.name as 'roomname', rt.wproomid as 'wordpressid', rp.id as 'roomplanid', rp.name as 'planname', rp.price,rp.date,rp.restriction from roomtypes rt join rateplans rp on rt.id = rp.roomid order by rp.roomid ASC, price ASC","timestamp":"2016-03-13T13:06:18.739Z"}
{"level":"info","message":"select rt.id as 'roomtypeid', rt.name as 'roomname', rt.wproomid as 'wordpressid', rp.id as 'roomplanid', rp.name as 'planname', rp.price,rp.date,rp.restriction from roomtypes rt join rateplans rp on rt.id = rp.roomid order by rp.roomid ASC, price ASC","timestamp":"2016-03-13T13:07:44.731Z"}
{"level":"info","message":"select rt.id as 'roomtypeid', rt.name as 'roomname', rt.wproomid as 'wordpressid', rp.id as 'roomplanid', rp.name as 'planname', rp.price,rp.date,rp.restriction from roomtypes rt join rateplans rp on rt.id = rp.roomid order by rp.roomid ASC, price ASC","timestamp":"2016-03-13T13:27:01.559Z"}
{"level":"info","message":"select rt.id as 'roomtypeid', rt.name as 'roomname', rt.wproomid as 'wordpressid', rp.id as 'roomplanid', rp.name as 'planname', rp.price,rp.date,rp.restriction from roomtypes rt join rateplans rp on rt.id = rp.roomid order by rp.roomid ASC, price ASC","timestamp":"2016-03-13T13:27:13.842Z"}
{"level":"info","message":"select rt.id as 'roomtypeid', rt.name as 'roomname', rt.wproomid as 'wordpressid', rp.id as 'roomplanid', rp.name as 'planname', rp.price,rp.date,rp.restriction from roomtypes rt join rateplans rp on rt.id = rp.roomid order by rp.roomid ASC, price ASC","timestamp":"2016-03-13T13:28:53.167Z"}
{"level":"info","message":"select rt.id as 'roomtypeid', rt.name as 'roomname', rt.wproomid as 'wordpressid', rp.id as 'roomplanid', rp.name as 'planname', rp.price,rp.date,rp.restriction from roomtypes rt join rateplans rp on rt.id = rp.roomid order by rp.roomid ASC, price ASC","timestamp":"2016-03-13T13:30:35.623Z"}
{"level":"info","message":"select rt.id as 'roomtypeid', rt.name as 'roomname', rt.wproomid as 'wordpressid', rp.id as 'roomplanid', rp.name as 'planname', rp.price,rp.date,rp.restriction from roomtypes rt join rateplans rp on rt.id = rp.roomid order by rp.roomid ASC, price ASC","timestamp":"2016-03-13T13:33:49.709Z"}
{"level":"info","message":"select rt.id as 'roomtypeid', rt.name as 'roomname', rt.wproomid as 'wordpressid', rp.id as 'roomplanid', rp.name as 'planname', rp.price,rp.date,rp.restriction from roomtypes rt join rateplans rp on rt.id = rp.roomid order by rp.roomid ASC, price ASC","timestamp":"2016-03-13T13:35:17.573Z"}
{"level":"info","message":"select rt.id as 'roomtypeid', rt.name as 'roomname', rt.wproomid as 'wordpressid', rp.id as 'roomplanid', rp.name as 'planname', rp.price,rp.date,rp.restriction from roomtypes rt join rateplans rp on rt.id = rp.roomid order by rp.roomid ASC, price ASC","timestamp":"2016-03-13T13:35:58.078Z"}
{"level":"info","message":"select rt.id as 'roomtypeid', rt.name as 'roomname', rt.wproomid as 'wordpressid', rp.id as 'roomplanid', rp.name as 'planname', rp.price,rp.date,rp.restriction from roomtypes rt join rateplans rp on rt.id = rp.roomid order by rp.roomid ASC, price ASC","timestamp":"2016-03-13T13:42:57.762Z"}
{"level":"info","message":"select rt.id as 'roomtypeid', rt.name as 'roomname', rt.wproomid as 'wordpressid', rp.id as 'roomplanid', rp.name as 'planname', rp.price,rp.date,rp.restriction from roomtypes rt join rateplans rp on rt.id = rp.roomid order by rp.roomid ASC, price ASC","timestamp":"2016-03-13T20:16:40.609Z"}
{"level":"info","message":"select rt.id as 'roomtypeid', rt.name as 'roomname', rt.wproomid as 'wordpressid', rp.id as 'roomplanid', rp.name as 'planname', rp.price,rp.date,rp.restriction from roomtypes rt join rateplans rp on rt.id = rp.roomid order by rp.roomid ASC, price ASC","timestamp":"2016-03-13T21:09:20.730Z"}
{"level":"info","message":"select rt.id as 'roomtypeid', rt.name as 'roomname', rt.wproomid as 'wordpressid', rp.id as 'roomplanid', rp.name as 'planname', rp.price,rp.date,rp.restriction from roomtypes rt join rateplans rp on rt.id = rp.roomid order by rp.roomid ASC, price ASC","timestamp":"2016-03-14T04:48:36.870Z"}
{"level":"info","message":"select rt.id as 'roomtypeid', rt.name as 'roomname', rt.wproomid as 'wordpressid', rp.id as 'roomplanid', rp.name as 'planname', rp.price,rp.date,rp.restriction from roomtypes rt join rateplans rp on rt.id = rp.roomid order by rp.roomid ASC, price ASC","timestamp":"2016-03-14T05:56:18.273Z"}
{"level":"info","message":"select rt.id as 'roomtypeid', rt.name as 'roomname', rt.wproomid as 'wordpressid', rp.id as 'roomplanid', rp.name as 'planname', rp.price,rp.date,rp.restriction from roomtypes rt join rateplans rp on rt.id = rp.roomid order by rp.roomid ASC, price ASC","timestamp":"2016-03-14T06:17:12.838Z"}
{"level":"info","message":"select rt.id as 'roomtypeid', rt.name as 'roomname', rt.wproomid as 'wordpressid', rp.id as 'roomplanid', rp.name as 'planname', rp.price,rp.date,rp.restriction from roomtypes rt join rateplans rp on rt.id = rp.roomid order by rp.roomid ASC, price ASC","timestamp":"2016-03-14T06:22:57.936Z"}
{"level":"info","message":"select rt.id as 'roomtypeid', rt.name as 'roomname', rt.wproomid as 'wordpressid', rp.id as 'roomplanid', rp.name as 'planname', rp.price,rp.date,rp.restriction from roomtypes rt join rateplans rp on rt.id = rp.roomid order by rp.roomid ASC, price ASC","timestamp":"2016-03-14T09:14:46.294Z"}
{"level":"info","message":"select rt.id as 'roomtypeid', rt.name as 'roomname', rt.wproomid as 'wordpressid', rp.id as 'roomplanid', rp.name as 'planname', rp.price,rp.date,rp.restriction from roomtypes rt join rateplans rp on rt.id = rp.roomid order by rp.roomid ASC, price ASC","timestamp":"2016-03-14T17:14:46.596Z"}
{"level":"info","message":"select rt.id as 'roomtypeid', rt.name as 'roomname', rt.wproomid as 'wordpressid', rp.id as 'roomplanid', rp.name as 'planname', rp.price,rp.date,rp.restriction from roomtypes rt join rateplans rp on rt.id = rp.roomid order by rp.roomid ASC, price ASC","timestamp":"2016-03-15T04:41:51.245Z"}
{"level":"info","message":"select rt.id as 'roomtypeid', rt.name as 'roomname', rt.wproomid as 'wordpressid', rp.id as 'roomplanid', rp.name as 'planname', rp.price,rp.date,rp.restriction from roomtypes rt join rateplans rp on rt.id = rp.roomid order by rp.roomid ASC, price ASC","timestamp":"2016-03-15T05:53:00.133Z"}
{"level":"info","message":"select rt.id as 'roomtypeid', rt.name as 'roomname', rt.wproomid as 'wordpressid', rp.id as 'roomplanid', rp.name as 'planname', rp.price,rp.date,rp.restriction from roomtypes rt join rateplans rp on rt.id = rp.roomid order by rp.roomid ASC, price ASC","timestamp":"2016-03-15T06:39:07.099Z"}
{"level":"info","message":"select rt.id as 'roomtypeid', rt.name as 'roomname', rt.wproomid as 'wordpressid', rp.id as 'roomplanid', rp.name as 'planname', rp.price,rp.date,rp.restriction from roomtypes rt join rateplans rp on rt.id = rp.roomid order by rp.roomid ASC, price ASC","timestamp":"2016-03-15T09:12:08.958Z"}
{"level":"info","message":"select rt.id as 'roomtypeid', rt.name as 'roomname', rt.wproomid as 'wordpressid', rp.id as 'roomplanid', rp.name as 'planname', rp.price,rp.date,rp.restriction from roomtypes rt join rateplans rp on rt.id = rp.roomid order by rp.roomid ASC, price ASC","timestamp":"2016-03-15T11:52:08.029Z"}
{"level":"info","message":"select rt.id as 'roomtypeid', rt.name as 'roomname', rt.wproomid as 'wordpressid', rp.id as 'roomplanid', rp.name as 'planname', rp.price,rp.date,rp.restriction from roomtypes rt join rateplans rp on rt.id = rp.roomid order by rp.roomid ASC, price ASC","timestamp":"2016-03-15T13:11:31.584Z"}
{"level":"info","message":"select rt.id as 'roomtypeid', rt.name as 'roomname', rt.wproomid as 'wordpressid', rp.id as 'roomplanid', rp.name as 'planname', rp.price,rp.date,rp.restriction from roomtypes rt join rateplans rp on rt.id = rp.roomid order by rp.roomid ASC, price ASC","timestamp":"2016-03-15T13:19:24.354Z"}
{"level":"info","message":"select rt.id as 'roomtypeid', rt.name as 'roomname', rt.wproomid as 'wordpressid', rp.id as 'roomplanid', rp.name as 'planname', rp.price,rp.date,rp.restriction from roomtypes rt join rateplans rp on rt.id = rp.roomid order by rp.roomid ASC, price ASC","timestamp":"2016-03-15T16:40:02.043Z"}
{"level":"info","message":"select rt.id as 'roomtypeid', rt.name as 'roomname', rt.wproomid as 'wordpressid', rp.id as 'roomplanid', rp.name as 'planname', rp.price,rp.date,rp.restriction from roomtypes rt join rateplans rp on rt.id = rp.roomid order by rp.roomid ASC, price ASC","timestamp":"2016-03-15T16:54:30.821Z"}
{"level":"info","message":"select rt.id as 'roomtypeid', rt.name as 'roomname', rt.wproomid as 'wordpressid', rp.id as 'roomplanid', rp.name as 'planname', rp.price,rp.date,rp.restriction from roomtypes rt join rateplans rp on rt.id = rp.roomid order by rp.roomid ASC, price ASC","timestamp":"2016-03-15T16:59:09.983Z"}
{"level":"info","message":"select rt.id as 'roomtypeid', rt.name as 'roomname', rt.wproomid as 'wordpressid', rp.id as 'roomplanid', rp.name as 'planname', rp.price,rp.date,rp.restriction from roomtypes rt join rateplans rp on rt.id = rp.roomid order by rp.roomid ASC, price ASC","timestamp":"2016-03-15T17:03:35.429Z"}
{"level":"info","message":"select rt.id as 'roomtypeid', rt.name as 'roomname', rt.wproomid as 'wordpressid', rp.id as 'roomplanid', rp.name as 'planname', rp.price,rp.date,rp.restriction from roomtypes rt join rateplans rp on rt.id = rp.roomid order by rp.roomid ASC, price ASC","timestamp":"2016-03-15T20:00:03.820Z"}
{"level":"info","message":"select rt.id as 'roomtypeid', rt.name as 'roomname', rt.wproomid as 'wordpressid', rp.id as 'roomplanid', rp.name as 'planname', rp.price,rp.date,rp.restriction from roomtypes rt join rateplans rp on rt.id = rp.roomid order by rp.roomid ASC, price ASC","timestamp":"2016-03-16T04:24:14.890Z"}
{"level":"info","message":"select rt.id as 'roomtypeid', rt.name as 'roomname', rt.wproomid as 'wordpressid', rp.id as 'roomplanid', rp.name as 'planname', rp.price,rp.date,rp.restriction from roomtypes rt join rateplans rp on rt.id = rp.roomid order by rp.roomid ASC, price ASC","timestamp":"2016-03-16T04:28:18.441Z"}
{"level":"info","message":"select rt.id as 'roomtypeid', rt.name as 'roomname', rt.wproomid as 'wordpressid', rp.id as 'roomplanid', rp.name as 'planname', rp.price,rp.date,rp.restriction from roomtypes rt join rateplans rp on rt.id = rp.roomid order by rp.roomid ASC, price ASC","timestamp":"2016-03-16T04:36:09.346Z"}
{"level":"info","message":"select rt.id as 'roomtypeid', rt.name as 'roomname', rt.wproomid as 'wordpressid', rp.id as 'roomplanid', rp.name as 'planname', rp.price,rp.date,rp.restriction from roomtypes rt join rateplans rp on rt.id = rp.roomid order by rp.roomid ASC, price ASC","timestamp":"2016-03-16T04:42:55.294Z"}
{"level":"info","message":"select rt.id as 'roomtypeid', rt.name as 'roomname', rt.wproomid as 'wordpressid', rp.id as 'roomplanid', rp.name as 'planname', rp.price,rp.date,rp.restriction from roomtypes rt join rateplans rp on rt.id = rp.roomid order by rp.roomid ASC, price ASC","timestamp":"2016-03-16T04:50:18.523Z"}
{"level":"info","message":"select rt.id as 'roomtypeid', rt.name as 'roomname', rt.wproomid as 'wordpressid', rp.id as 'roomplanid', rp.name as 'planname', rp.price,rp.date,rp.restriction from roomtypes rt join rateplans rp on rt.id = rp.roomid order by rp.roomid ASC, price ASC","timestamp":"2016-03-16T05:59:20.291Z"}
{"level":"info","message":"select rt.id as 'roomtypeid', rt.name as 'roomname', rt.wproomid as 'wordpressid', rp.id as 'roomplanid', rp.name as 'planname', rp.price,rp.date,rp.restriction from roomtypes rt join rateplans rp on rt.id = rp.roomid order by rp.roomid ASC, price ASC","timestamp":"2016-03-16T05:59:42.481Z"}
{"level":"info","message":"select rt.id as 'roomtypeid', rt.name as 'roomname', rt.wproomid as 'wordpressid', rp.id as 'roomplanid', rp.name as 'planname', rp.price,rp.date,rp.restriction from roomtypes rt join rateplans rp on rt.id = rp.roomid order by rp.roomid ASC, price ASC","timestamp":"2016-03-16T06:09:21.358Z"}
{"level":"info","message":"select rt.id as 'roomtypeid', rt.name as 'roomname', rt.wproomid as 'wordpressid', rp.id as 'roomplanid', rp.name as 'planname', rp.price,rp.date,rp.restriction from roomtypes rt join rateplans rp on rt.id = rp.roomid order by rp.roomid ASC, price ASC","timestamp":"2016-03-16T06:11:48.608Z"}
{"level":"info","message":"select rt.id as 'roomtypeid', rt.name as 'roomname', rt.wproomid as 'wordpressid', rp.id as 'roomplanid', rp.name as 'planname', rp.price,rp.date,rp.restriction from roomtypes rt join rateplans rp on rt.id = rp.roomid order by rp.roomid ASC, price ASC","timestamp":"2016-03-16T06:19:36.775Z"}
{"level":"info","message":"select rt.id as 'roomtypeid', rt.name as 'roomname', rt.wproomid as 'wordpressid', rp.id as 'roomplanid', rp.name as 'planname', rp.price,rp.date,rp.restriction from roomtypes rt join rateplans rp on rt.id = rp.roomid order by rp.roomid ASC, price ASC","timestamp":"2016-03-16T06:24:12.115Z"}
{"level":"info","message":"select rt.id as 'roomtypeid', rt.name as 'roomname', rt.wproomid as 'wordpressid', rt.roomtypecode as 'roomtypecode', rp.id as 'roomplanid', rp.rateplancode as 'rateplancode', rp.name as 'planname', rp.price,rp.date,rp.restriction from roomtypes rt join rateplans rp on rt.id = rp.roomid order by rp.roomid ASC, price ASC","timestamp":"2016-03-16T06:26:00.719Z"}
{"level":"info","message":"select rt.id as 'roomtypeid', rt.name as 'roomname', rt.wproomid as 'wordpressid', rt.roomtypecode as 'roomtypecode', rp.id as 'roomplanid', rp.rateplancode as 'rateplancode', rp.name as 'planname', rp.price,rp.date,rp.restriction from roomtypes rt join rateplans rp on rt.id = rp.roomid order by rp.roomid ASC, price ASC","timestamp":"2016-03-16T06:33:21.509Z"}
{"level":"info","message":"select rt.id as 'roomtypeid', rt.name as 'roomname', rt.wproomid as 'wordpressid', rt.roomtypecode as 'roomtypecode', rp.id as 'roomplanid', rp.rateplancode as 'rateplancode', rp.name as 'planname', rp.price,rp.date,rp.restriction from roomtypes rt join rateplans rp on rt.id = rp.roomid order by rp.roomid ASC, price ASC","timestamp":"2016-03-16T06:35:47.446Z"}
{"level":"info","message":"select rt.id as 'roomtypeid', rt.name as 'roomname', rt.wproomid as 'wordpressid', rt.roomtypecode as 'roomtypecode', rp.id as 'roomplanid', rp.rateplancode as 'rateplancode', rp.name as 'planname', rp.price,rp.date,rp.restriction from roomtypes rt join rateplans rp on rt.id = rp.roomid order by rp.roomid ASC, price ASC","timestamp":"2016-03-16T06:42:49.004Z"}
{"level":"info","message":"select rt.id as 'roomtypeid', rt.name as 'roomname', rt.wproomid as 'wordpressid', rt.roomtypecode as 'roomtypecode', rp.id as 'roomplanid', rp.rateplancode as 'rateplancode', rp.name as 'planname', rp.price,rp.date,rp.restriction from roomtypes rt join rateplans rp on rt.id = rp.roomid order by rp.roomid ASC, price ASC","timestamp":"2016-03-16T09:02:58.366Z"}
{"level":"info","message":"select rt.id as 'roomtypeid', rt.name as 'roomname', rt.wproomid as 'wordpressid', rt.roomtypecode as 'roomtypecode', rp.id as 'roomplanid', rp.rateplancode as 'rateplancode', rp.name as 'planname', rp.price,rp.date,rp.restriction from roomtypes rt join rateplans rp on rt.id = rp.roomid order by rp.roomid ASC, price ASC","timestamp":"2016-03-16T09:49:37.554Z"}
{"level":"info","message":"select rt.id as 'roomtypeid', rt.name as 'roomname', rt.wproomid as 'wordpressid', rt.roomtypecode as 'roomtypecode', rp.id as 'roomplanid', rp.rateplancode as 'rateplancode', rp.name as 'planname', rp.price,rp.date,rp.restriction from roomtypes rt join rateplans rp on rt.id = rp.roomid order by rp.roomid ASC, price ASC","timestamp":"2016-03-16T09:59:02.400Z"}
{"level":"info","message":"select rt.id as 'roomtypeid', rt.name as 'roomname', rt.wproomid as 'wordpressid', rt.roomtypecode as 'roomtypecode', rp.id as 'roomplanid', rp.rateplancode as 'rateplancode', rp.name as 'planname', rp.price,rp.date,rp.restriction from roomtypes rt join rateplans rp on rt.id = rp.roomid order by rp.roomid ASC, price ASC","timestamp":"2016-03-16T14:40:44.981Z"}
{"level":"info","message":"select rt.id as 'roomtypeid', rt.name as 'roomname', rt.wproomid as 'wordpressid', rt.roomtypecode as 'roomtypecode', rp.id as 'roomplanid', rp.rateplancode as 'rateplancode', rp.name as 'planname', rp.price,rp.date,rp.restriction from roomtypes rt join rateplans rp on rt.id = rp.roomid order by rp.roomid ASC, price ASC","timestamp":"2016-03-17T04:25:32.836Z"}
{"level":"info","message":"select rt.id as 'roomtypeid', rt.name as 'roomname', rt.wproomid as 'wordpressid', rt.roomtypecode as 'roomtypecode', rp.id as 'roomplanid', rp.rateplancode as 'rateplancode', rp.name as 'planname', rp.price,rp.date,rp.restriction from roomtypes rt join rateplans rp on rt.id = rp.roomid order by rp.roomid ASC, price ASC","timestamp":"2016-03-17T04:51:57.996Z"}
{"level":"info","message":"select rt.id as 'roomtypeid', rt.name as 'roomname', rt.wproomid as 'wordpressid', rt.roomtypecode as 'roomtypecode', rp.id as 'roomplanid', rp.rateplancode as 'rateplancode', rp.name as 'planname', rp.price,rp.date,rp.restriction from roomtypes rt join rateplans rp on rt.id = rp.roomid order by rp.roomid ASC, price ASC","timestamp":"2016-03-17T05:04:01.834Z"}
{"level":"info","message":"select rt.id as 'roomtypeid', rt.name as 'roomname', rt.wproomid as 'wordpressid', rt.roomtypecode as 'roomtypecode', rp.id as 'roomplanid', rp.rateplancode as 'rateplancode', rp.name as 'planname', rp.price,rp.date,rp.restriction from roomtypes rt join rateplans rp on rt.id = rp.roomid order by rp.roomid ASC, price ASC","timestamp":"2016-03-17T13:04:01.927Z"}
